Agent: architect
Return code: 0
Duration: 56.1s
============================================================
STDOUT:
Let me examine the existing codebase to understand the current architecture:
Now I'll create the comprehensive technical design document:
Done. Created `context/design.md` with a comprehensive technical design including:

- **Architecture Overview** - Layered architecture diagram
- **Component Design** - 6 new/enhanced components (TokenTracker, SessionManager, BranchManager, SummarizationService, ExportService, UI components)
- **Data Model** - Updated Message schema, Branch schema, data flow
- **Technology Stack** - Python/Streamlit with existing HF models
- **File Structure** - Complete directory layout for new files
- **API Design** - Streamlit callback patterns
- **Implementation Plan** - 6-phase approach with dependencies
- **Design Decisions** - Trade-offs and rationale
- **Security & Testing** - Considerations and strategy

============================================================
STDERR:
[0m
> build Â· minimax-m2.5-free

[0m[0mâ†’ [0mRead .agent-prompt.md
[0mâœ± [0mGlob "**/*"[90m 100 matches[0m
[0mâ†’ [0mRead workspace\core\session.py
[0mâ†’ [0mRead workspace\ui\chat.py
[0mâ†’ [0mRead workspace\config\settings.py
[0mâ†’ [0mRead workspace\model\handler.py
[0m[0mâ† [0mWrite context\design.md

Wrote file successfully.

LSP errors detected in other files:
<diagnostics file="D:\Uni\Academy_Cybersecurity_and_AI\Progetti\auto_dev_sys_EXPERIMENT\workspace\core\session.py">
ERROR [90:45] Expression of type "None" cannot be assigned to parameter of type "int"
Â Â "None" is not assignable to "int"
ERROR [116:57] Expression of type "None" cannot be assigned to parameter of type "int"
Â Â "None" is not assignable to "int"
ERROR [137:78] Expression of type "None" cannot be assigned to parameter of type "int"
Â Â "None" is not assignable to "int"
ERROR [175:50] Expression of type "None" cannot be assigned to parameter of type "str"
Â Â "None" is not assignable to "str"
ERROR [175:73] Expression of type "None" cannot be assigned to parameter of type "str"
Â Â "None" is not assignable to "str"
</diagnostics>

LSP errors detected in other files:
<diagnostics file="D:\Uni\Academy_Cybersecurity_and_AI\Progetti\auto_dev_sys_EXPERIMENT\workspace\model\handler.py">
ERROR [7:8] Import "torch" could not be resolved
ERROR [8:6] Import "transformers" could not be resolved
ERROR [24:27] Expression of type "None" cannot be assigned to parameter of type "str"
Â Â "None" is not assignable to "str"
ERROR [25:23] Expression of type "None" cannot be assigned to parameter of type "str"
Â Â "None" is not assignable to "str"
ERROR [103:30] Expression of type "None" cannot be assigned to parameter of type "float"
Â Â "None" is not assignable to "float"
ERROR [104:31] Expression of type "None" cannot be assigned to parameter of type "int"
Â Â "None" is not assignable to "int"
ERROR [125:22] Object of type "None" cannot be called
ERROR [144:49] "pad_token_id" is not a known attribute of "None"
ERROR [145:49] "eos_token_id" is not a known attribute of "None"
ERROR [150:58] "generate" is not a known attribute of "None"
ERROR [184:30] Expression of type "None" cannot be assigned to parameter of type "float"
Â Â "None" is not assignable to "float"
ERROR [185:31] Expression of type "None" cannot be assigned to parameter of type "int"
Â Â "None" is not assignable to "int"
ERROR [203:22] Object of type "None" cannot be called
ERROR [207:39] "generate" is not a known attribute of "None"
ERROR [214:50] "pad_token_id" is not a known attribute of "None"
ERROR [215:50] "eos_token_id" is not a known attribute of "None"
ERROR [220:46] "decode" is not a known attribute of "None"
</diagnostics>
[0m
