Agent: pm
Return code: 0
Duration: 99.6s
============================================================
STDOUT:
Let me explore the current project structure to understand what we're working with.
Now I have enough information about the project. Let me create the requirements document.
Created `context/requirements.md` with comprehensive requirements for:
- **Token count display** with real-time percentage and warnings
- **Context summarization button** to condense conversation history
- **Conversation branching** (time travel) - restart from any message
- **Enhanced chat controls** - copy, delete, pin, search
- **Model tools integration** - different assistant modes
- **Message feedback** - thumbs up/down
- **Improved export options** - JSON, text formats

============================================================
STDERR:
[0m
[0m

> build Â· minimax-m2.5-free[0mâ†’ [0mRead .agent-prompt.md
[0mâœ± [0mGlob "**/*"[90m 100 matches[0m
[0mâ†’ [0mRead workspace\README.md
[0mâ†’ [0mRead workspace\ui\chat.py
[0mâ†’ [0mRead workspace\ui\app.py
[0mâ†’ [0mRead workspace\core\session.py
[0mâ†’ [0mRead workspace\config\settings.py
[0m[0m$ [0mls -la "D:\Uni\Academy_Cybersecurity_and_AI\Progetti\auto_dev_sys_EXPERIMENT\context" 2>/dev/null || echo "Context directory does not exist"

total 0
drwxr-xr-x 1 andre 197609 0 Feb 10 11:22 .
drwxr-xr-x 1 andre 197609 0 Feb 10 09:38 ..
[0m
[0mâ† [0mWrite context\requirements.mdWrote file successfully.

LSP errors detected in other files:
<diagnostics file="D:\Uni\Academy_Cybersecurity_and_AI\Progetti\auto_dev_sys_EXPERIMENT\workspace\core\session.py">
ERROR [90:45] Expression of type "None" cannot be assigned to parameter of type "int"
Â Â "None" is not assignable to "int"
ERROR [116:57] Expression of type "None" cannot be assigned to parameter of type "int"
Â Â "None" is not assignable to "int"
ERROR [137:78] Expression of type "None" cannot be assigned to parameter of type "int"
Â Â "None" is not assignable to "int"
ERROR [175:50] Expression of type "None" cannot be assigned to parameter of type "str"
Â Â "None" is not assignable to "str"
ERROR [175:73] Expression of type "None" cannot be assigned to parameter of type "str"
Â Â "None" is not assignable to "str"
</diagnostics>

[0m
